23
2
0
3003
1975
8128
2967
6597
4539
2145
429
27
623
3224
1185
3378
6237
4206
2840
3232
3899
6176
2596
3233
11515
5438
3346
3044
912
4885
1536
917
3829
2988
5829
3373
5190
2837
3776
4592
1399
2531
217
74
996
4583
218
1814
2413
14959
0
2178
1358
3477
1841
9124
2940
2008
2294
3460
1415
1353
4656
4086
5337
6582
6281
2718
9154
2755
2562
2952
3754
1484
2189
2860
400
1582
2060
5438
3346
3044
912
4885
1536
917
3829
2988
5829
3373
5190
2837
3776
4592
1399
2531
217
74
996
4583
218
1814
2413
14959
0
2178
1358
3477
1841
9124
2940
2008
2294
3460
1415
1353
4656
4086
5337
6582
6281
2718
9154
2755
2562
2952
3754
1484
2189
2860
400
1582
2060
5438
3346
3044
912
4885
1536
917
3829
2988
5829
3373
5190
2837
3776
4592
1399
2531
217
74
996
4583
218
1814
2413
14959
0
2178
1358
3477
1841
9124
2940
2008
2294
3460
1415
1353
4656
4086
5337
6582
6281
2718
9154
2755
2562
2952
3754
1484
2189
2860
400
1582
2060
5438
3346
3044
912
4885
1536
917
3829
2988
5829
3373
5190
2837
3776
4592
1399
2531
217
74
996
4583
218
1814
2413
14959
0
2178
1358
3477
1841
9124
2940
2008
2294
3460
1415
1353
4656
4086
5337
6582
6281
2718
9154
2755
2562
2952
3754
1484
2189
2860
400
1582
2060
5438
3346
3044
912
4885
1536
917
3829
2988
5829
3373
5190
2837
3776
4592
1399
2531
217
74
996
4583
218
1814
2413
2829
